<?xml version="1.0" encoding="UTF-8"?>
<testng-results ignored="0" total="2" passed="2" failed="0" skipped="0">
  <reporter-output>
  </reporter-output>
  <suite started-at="2025-01-07T14:35:23 IST" name="Default suite" finished-at="2025-01-07T14:35:34 IST" duration-ms="10882">
    <groups>
    </groups>
    <test started-at="2025-01-07T14:35:23 IST" name="Default test" finished-at="2025-01-07T14:35:34 IST" duration-ms="10882">
      <class name="com.tka.testCases.LoginTestCases">
        <test-method signature="checksubheadingText()[pri:0, instance:com.tka.testCases.LoginTestCases@1dde4cb2]" started-at="2025-01-07T14:35:23 IST" name="checksubheadingText" finished-at="2025-01-07T14:35:30 IST" duration-ms="6812" status="PASS">
          <reporter-output>
          </reporter-output>
        </test-method> <!-- checksubheadingText -->
        <test-method signature="verifyValidLogin()[pri:0, instance:com.tka.testCases.LoginTestCases@1dde4cb2]" started-at="2025-01-07T14:35:30 IST" name="verifyValidLogin" finished-at="2025-01-07T14:35:34 IST" duration-ms="4031" status="PASS">
          <reporter-output>
          </reporter-output>
        </test-method> <!-- verifyValidLogin -->
      </class> <!-- com.tka.testCases.LoginTestCases -->
    </test> <!-- Default test -->
  </suite> <!-- Default suite -->
</testng-results>
