<?xml version="1.0" encoding="UTF-8"?>
<!-- Generated by org.testng.reporters.JUnitXMLReporter -->
<testsuite ignored="0" hostname="LAPTOP-45IEVTP4" failures="1" tests="1" name="Test" time="7.593" errors="0" timestamp="2024-12-28T15:59:26 IST">
  <testcase classname="com.tka.testCases.LoginTestCases" name="checksubheadingText" time="7.555">
    <failure type="java.lang.AssertionError" message="expected [Sign to start your session] but found [Sign in to start your session]">
      <![CDATA[java.lang.AssertionError: expected [Sign to start your session] but found [Sign in to start your session]
at com.tka.testCases.LoginTestCases.checksubheadingText(LoginTestCases.java:20)
at java.base/java.util.ArrayList.forEach(ArrayList.java:1511)
... Removed 31 stack frames]]>
    </failure>
  </testcase> <!-- checksubheadingText -->
</testsuite> <!-- Test -->
